<?xml version="1.0" encoding="UTF-8"?>
<!-- Generated by org.testng.reporters.JUnitReportReporter -->
<testsuite hostname="SriniRepala" failures="0" tests="2" name="com.ryze.qa.tests.LoginPageTest" time="16.199" errors="0" timestamp="2023-07-22T15:08:56 SAST" skipped="0">
  <testcase classname="com.ryze.qa.tests.LoginPageTest" name="loginpageTitleTest" time="8.293"/>
  <testcase classname="com.ryze.qa.tests.LoginPageTest" name="loginTest" time="7.906"/>
</testsuite> <!-- com.ryze.qa.tests.LoginPageTest -->
